<?xml version="1.0" encoding="UTF-8"?>
<testng-results skipped="0" failed="0" ignored="0" total="2" passed="2">
  <reporter-output>
  </reporter-output>
  <suite name="Smoke Suite" duration-ms="211518" started-at="2020-08-20T05:08:45Z" finished-at="2020-08-20T05:12:17Z">
    <groups>
    </groups>
    <test name=" Test" duration-ms="107055" started-at="2020-08-20T05:08:45Z" finished-at="2020-08-20T05:10:32Z">
      <class name="gitTest.GitTest">
        <test-method status="PASS" signature="logintest()[pri:0, instance:gitTest.GitTest@6e06451e]" name="logintest" duration-ms="106890" started-at="2020-08-20T10:38:45Z" finished-at="2020-08-20T10:40:32Z">
          <reporter-output>
          </reporter-output>
        </test-method> <!-- logintest -->
      </class> <!-- gitTest.GitTest -->
    </test> <!--  Test -->
    <test name=" Test2" duration-ms="101611" started-at="2020-08-20T05:10:35Z" finished-at="2020-08-20T05:12:17Z">
      <class name="gitTest2.GitTest2">
        <test-method status="PASS" signature="logintest()[pri:0, instance:gitTest2.GitTest2@31610302]" name="logintest" duration-ms="101608" started-at="2020-08-20T10:40:35Z" finished-at="2020-08-20T10:42:17Z">
          <reporter-output>
          </reporter-output>
        </test-method> <!-- logintest -->
      </class> <!-- gitTest2.GitTest2 -->
    </test> <!--  Test2 -->
  </suite> <!-- Smoke Suite -->
</testng-results>
