<?xml version="1.0" encoding="UTF-8"?>
<testng-results skipped="0" failed="0" total="1" passed="1">
  <reporter-output>
  </reporter-output>
  <suite name="Default suite" duration-ms="49486" started-at="2020-08-13T04:38:52Z" finished-at="2020-08-13T04:39:42Z">
    <groups>
    </groups>
    <test name="Default test" duration-ms="49486" started-at="2020-08-13T04:38:52Z" finished-at="2020-08-13T04:39:42Z">
      <class name="gitTest.GitTest">
        <test-method status="PASS" signature="logintest()[pri:0, instance:gitTest.GitTest@224edc67]" name="logintest" duration-ms="49395" started-at="2020-08-13T10:08:52Z" finished-at="2020-08-13T10:09:42Z">
          <reporter-output>
          </reporter-output>
        </test-method> <!-- logintest -->
      </class> <!-- gitTest.GitTest -->
    </test> <!-- Default test -->
  </suite> <!-- Default suite -->
</testng-results>
